# JRE version: OpenJDK Runtime Environment (11.0.12+7) (build 11.0.12+7-b1504.28-7817840)
# Java VM: OpenJDK 64-Bit Server VM (11.0.12+7-b1504.28-7817840, mixed mode, tiered, compressed oops, g1 gc, windows-amd64)
Heap:
 garbage-first heap   total 273408K, used 199533K [0x0000000080000000, 0x0000000100000000)
  region size 1024K, 72 young (73728K), 5 survivors (5120K)
 Metaspace       used 104898K, capacity 107740K, committed 107932K, reserved 1142784K
  class space    used 13511K, capacity 14518K, committed 14592K, reserved 1048576K
GC Heap History (20 events):
Event: 17.104 GC heap before
{Heap before GC invocations=38 (full 0):
 garbage-first heap   total 157696K, used 115521K [0x0000000080000000, 0x0000000100000000)
  region size 1024K, 10 young (10240K), 3 survivors (3072K)
 Metaspace       used 84380K, capacity 86593K, committed 86812K, reserved 1124352K
  class space    used 11070K, capacity 11900K, committed 11904K, reserved 1048576K
}
Event: 17.107 GC heap after
{Heap after GC invocations=39 (full 0):
 garbage-first heap   total 157696K, used 111119K [0x0000000080000000, 0x0000000100000000)
  region size 1024K, 2 young (2048K), 2 survivors (2048K)
 Metaspace       used 84380K, capacity 86593K, committed 86812K, reserved 1124352K
  class space    used 11070K, capacity 11900K, committed 11904K, reserved 1048576K
}
Event: 17.343 GC heap before
{Heap before GC invocations=40 (full 0):
 garbage-first heap   total 157696K, used 132623K [0x0000000080000000, 0x0000000100000000)
  region size 1024K, 22 young (22528K), 2 survivors (2048K)
 Metaspace       used 87167K, capacity 89523K, committed 89756K, reserved 1126400K
  class space    used 11370K, capacity 12256K, committed 12288K, reserved 1048576K
}
Event: 17.346 GC heap after
{Heap after GC invocations=41 (full 0):
 garbage-first heap   total 189440K, used 111238K [0x0000000080000000, 0x0000000100000000)
  region size 1024K, 1 young (1024K), 1 survivors (1024K)
 Metaspace       used 87167K, capacity 89523K, committed 89756K, reserved 1126400K
  class space    used 11370K, capacity 12256K, committed 12288K, reserved 1048576K
}
Event: 17.695 GC heap before
{Heap before GC invocations=41 (full 0):
 garbage-first heap   total 189440K, used 144006K [0x0000000080000000, 0x0000000100000000)
  region size 1024K, 33 young (33792K), 1 survivors (1024K)
 Metaspace       used 90987K, capacity 93311K, committed 93596K, reserved 1130496K
  class space    used 11883K, capacity 12736K, committed 12800K, reserved 1048576K
}
Event: 17.699 GC heap after
{Heap after GC invocations=42 (full 0):
 garbage-first heap   total 189440K, used 112552K [0x0000000080000000, 0x0000000100000000)
  region size 1024K, 3 young (3072K), 3 survivors (3072K)
 Metaspace       used 90987K, capacity 93311K, committed 93596K, reserved 1130496K
  class space    used 11883K, capacity 12736K, committed 12800K, reserved 1048576K
}
Event: 18.083 GC heap before
{Heap before GC invocations=43 (full 0):
 garbage-first heap   total 189440K, used 146344K [0x0000000080000000, 0x0000000100000000)
  region size 1024K, 36 young (36864K), 3 survivors (3072K)
 Metaspace       used 93725K, capacity 96274K, committed 96412K, reserved 1132544K
  class space    used 12293K, capacity 13246K, committed 13312K, reserved 1048576K
}
Event: 18.088 GC heap after
{Heap after GC invocations=44 (full 0):
 garbage-first heap   total 189440K, used 114960K [0x0000000080000000, 0x0000000100000000)
  region size 1024K, 5 young (5120K), 5 survivors (5120K)
 Metaspace       used 93725K, capacity 96274K, committed 96412K, reserved 1132544K
  class space    used 12293K, capacity 13246K, committed 13312K, reserved 1048576K
}
Event: 18.542 GC heap before
{Heap before GC invocations=44 (full 0):
 garbage-first heap   total 189440K, used 149776K [0x0000000080000000, 0x0000000100000000)
  region size 1024K, 39 young (39936K), 5 survivors (5120K)
 Metaspace       used 96139K, capacity 98744K, committed 98972K, reserved 1134592K
  class space    used 12502K, capacity 13454K, committed 13568K, reserved 1048576K
}
Event: 18.551 GC heap after
{Heap after GC invocations=45 (full 0):
 garbage-first heap   total 189440K, used 118597K [0x0000000080000000, 0x0000000100000000)
  region size 1024K, 5 young (5120K), 5 survivors (5120K)
 Metaspace       used 96139K, capacity 98744K, committed 98972K, reserved 1134592K
  class space    used 12502K, capacity 13454K, committed 13568K, reserved 1048576K
}
Event: 18.849 GC heap before
{Heap before GC invocations=46 (full 0):
 garbage-first heap   total 189440K, used 151365K [0x0000000080000000, 0x0000000100000000)
  region size 1024K, 38 young (38912K), 5 survivors (5120K)
 Metaspace       used 96451K, capacity 99009K, committed 99228K, reserved 1134592K
  class space    used 12515K, capacity 13471K, committed 13568K, reserved 1048576K
}
Event: 18.857 GC heap after
{Heap after GC invocations=47 (full 0):
 garbage-first heap   total 227328K, used 121002K [0x0000000080000000, 0x0000000100000000)
  region size 1024K, 3 young (3072K), 3 survivors (3072K)
 Metaspace       used 96451K, capacity 99009K, committed 99228K, reserved 1134592K
  class space    used 12515K, capacity 13471K, committed 13568K, reserved 1048576K
}
Event: 19.166 GC heap before
{Heap before GC invocations=47 (full 0):
 garbage-first heap   total 227328K, used 166058K [0x0000000080000000, 0x0000000100000000)
  region size 1024K, 48 young (49152K), 3 survivors (3072K)
 Metaspace       used 96969K, capacity 99468K, committed 99740K, reserved 1136640K
  class space    used 12550K, capacity 13504K, committed 13568K, reserved 1048576K
}
Event: 19.172 GC heap after
{Heap after GC invocations=48 (full 0):
 garbage-first heap   total 227328K, used 123906K [0x0000000080000000, 0x0000000100000000)
  region size 1024K, 6 young (6144K), 6 survivors (6144K)
 Metaspace       used 96969K, capacity 99468K, committed 99740K, reserved 1136640K
  class space    used 12550K, capacity 13504K, committed 13568K, reserved 1048576K
}
Event: 19.641 GC heap before
{Heap before GC invocations=49 (full 0):
 garbage-first heap   total 227328K, used 172034K [0x0000000080000000, 0x0000000100000000)
  region size 1024K, 53 young (54272K), 6 survivors (6144K)
 Metaspace       used 97850K, capacity 100450K, committed 100636K, reserved 1136640K
  class space    used 12633K, capacity 13604K, committed 13696K, reserved 1048576K
}
Event: 19.650 GC heap after
{Heap after GC invocations=50 (full 0):
 garbage-first heap   total 227328K, used 127372K [0x0000000080000000, 0x0000000100000000)
  region size 1024K, 7 young (7168K), 7 survivors (7168K)
 Metaspace       used 97850K, capacity 100450K, committed 100636K, reserved 1136640K
  class space    used 12633K, capacity 13604K, committed 13696K, reserved 1048576K
}
Event: 20.314 GC heap before
{Heap before GC invocations=50 (full 0):
 garbage-first heap   total 227328K, used 175500K [0x0000000080000000, 0x0000000100000000)
  region size 1024K, 55 young (56320K), 7 survivors (7168K)
 Metaspace       used 100240K, capacity 102835K, committed 102940K, reserved 1138688K
  class space    used 12942K, capacity 13898K, committed 13952K, reserved 1048576K
}
Event: 20.320 GC heap after
{Heap after GC invocations=51 (full 0):
 garbage-first heap   total 227328K, used 129054K [0x0000000080000000, 0x0000000100000000)
  region size 1024K, 6 young (6144K), 6 survivors (6144K)
 Metaspace       used 100240K, capacity 102835K, committed 102940K, reserved 1138688K
  class space    used 12942K, capacity 13898K, committed 13952K, reserved 1048576K
}
Event: 20.748 GC heap before
{Heap before GC invocations=52 (full 0):
 garbage-first heap   total 227328K, used 179230K [0x0000000080000000, 0x0000000100000000)
  region size 1024K, 55 young (56320K), 6 survivors (6144K)
 Metaspace       used 103648K, capacity 106195K, committed 106396K, reserved 1140736K
  class space    used 13330K, capacity 14290K, committed 14336K, reserved 1048576K
}
Event: 20.756 GC heap after
{Heap after GC invocations=53 (full 0):
 garbage-first heap   total 273408K, used 131949K [0x0000000080000000, 0x0000000100000000)
  region size 1024K, 5 young (5120K), 5 survivors (5120K)
 Metaspace       used 103648K, capacity 106195K, committed 106396K, reserved 1140736K
  class space    used 13330K, capacity 14290K, committed 14336K, reserved 1048576K
}

